#
# There is insufficient memory for the Java Runtime Environment to continue.
# Native memory allocation (mmap) failed to map 536870912 bytes for Failed to commit area from 0x0000000601400000 to 0x0000000621400000 of length 536870912.
# Possible reasons:
#   The system is out of physical RAM or swap space
#   The process is running with CompressedOops enabled, and the Java Heap may be blocking the growth of the native heap
# Possible solutions:
#   Reduce memory load on the system
#   Increase physical memory or swap space
#   Check if swap backing store is full
#   Decrease Java heap size (-Xmx/-Xms)
#   Decrease number of Java threads
#   Decrease Java thread stack sizes (-Xss)
#   Set larger code cache with -XX:ReservedCodeCacheSize=
# This output file may be truncated or incomplete.
#
#  Out of Memory Error (c:/BuildAgent/work/5ff2f6c26000d570/src/hotspot/os/windows/os_windows.cpp:3272), pid=23760, tid=22988
#
# JRE version:  (11.0.3+12) (build )
# Java VM: OpenJDK 64-Bit Server VM (11.0.3+12-b304.39, mixed mode, aot, sharing, tiered, compressed oops, g1 gc, windows-amd64)
# No core dump will be written. Minidumps are not enabled by default on client versions of Windows
#

---------------  S U M M A R Y ------------

Command Line: org.jetbrains.git4idea.http.GitAskPassApp Username for 'https://github.com': 

Host: Intel(R) Core(TM) i7-9700K CPU @ 3.60GHz, 8 cores, 31G,  Windows 10 , 64 bit Build 18362 (10.0.18362.86)
Time: Tue Sep 10 10:59:01 2019 ???? (?W?€??) elapsed time: 0 seconds (0d 0h 0m 0s)

---------------  T H R E A D  ---------------

Current thread (0x000001b5bb41a800):  JavaThread "Unknown thread" [_thread_in_vm, id=22988, stack(0x0000001b98300000,0x0000001b98400000)]

Stack: [0x0000001b98300000,0x0000001b98400000]
Native frames: (J=compiled Java code, j=interpreted, Vv=VM code, C=native code)
V  [jvm.dll+0x5da77a]
V  [jvm.dll+0x70b9c9]
V  [jvm.dll+0x70cee8]
V  [jvm.dll+0x70d5b3]
V  [jvm.dll+0x23ddc8]
V  [jvm.dll+0x5d7ef4]
V  [jvm.dll+0x5ccfc5]
V  [jvm.dll+0x2fa44b]
V  [jvm.dll+0x2fa3ba]
V  [jvm.dll+0x2fa292]
V  [jvm.dll+0x2ff156]
V  [jvm.dll+0x3474c3]
V  [jvm.dll+0x347bc6]
V  [jvm.dll+0x3475c3]
V  [jvm.dll+0x2d4f68]
V  [jvm.dll+0x2d6107]
V  [jvm.dll+0x6eabf7]
V  [jvm.dll+0x6ec38c]
V  [jvm.dll+0x354c29]
V  [jvm.dll+0x6d28ae]
V  [jvm.dll+0x3bd363]
V  [jvm.dll+0x3bf7a1]
C  [java.exe+0x3763]
C  [java.exe+0x17a0c]
C  [KERNEL32.DLL+0x17bd4]
C  [ntdll.dll+0x6ce71]


---------------  P R O C E S S  ---------------

Threads class SMR info:
_java_thread_list=0x000001b5b937d3c0, length=0, elements={
}

Java Threads: ( => current thread )

Other Threads:
  0x000001b5bb430800 GCTaskThread "GC Thread#0" [stack: 0x0000001b98400000,0x0000001b98500000] [id=4980]
  0x000001b5bb4b0000 ConcurrentGCThread "G1 Main Marker" [stack: 0x0000001b98500000,0x0000001b98600000] [id=19648]
  0x000001b5bb4b2800 ConcurrentGCThread "G1 Conc#0" [stack: 0x0000001b98600000,0x0000001b98700000] [id=16320]

[error occurred during error reporting (printing all threads), id 0xc0000005, EXCEPTION_ACCESS_VIOLATION (0xc0000005) at pc=0x00007fff6c9e5507]

VM state:not at safepoint (not fully initialized)

VM Mutex/Monitor currently owned by a thread:  ([mutex/lock_event])
[0x000001b5bb41a2d0] Heap_lock - owner thread: 0x000001b5bb41a800

Heap address: 0x0000000601400000, size: 8172 MB, Compressed Oops mode: Non-zero based: 0x0000000601400000
Narrow klass base: 0x0000000000000000, Narrow klass shift: 0

GC Heap History (0 events):
No events

Deoptimization events (0 events):
No events

Classes redefined (0 events):
No events

Internal exceptions (0 events):
No events

Events (0 events):
No events


Dynamic libraries:
0x00007ff64e650000 - 0x00007ff64e697000 	C:\Users\My\AppData\Local\JetBrains\Toolbox\apps\PhpStorm\ch-0\192.6262.66\jbr\bin\java.exe
0x00007fffe3100000 - 0x00007fffe32f0000 	C:\WINDOWS\SYSTEM32\ntdll.dll
0x00007fffe1c20000 - 0x00007fffe1cd2000 	C:\WINDOWS\System32\KERNEL32.DLL
0x00007fffe01b0000 - 0x00007fffe0453000 	C:\WINDOWS\System32\KERNELBASE.dll
0x00007fffe2d50000 - 0x00007fffe2ee3000 	C:\WINDOWS\System32\USER32.dll
0x00007fffe0560000 - 0x00007fffe0581000 	C:\WINDOWS\System32\win32u.dll
0x00007fffe25a0000 - 0x00007fffe25c6000 	C:\WINDOWS\System32\GDI32.dll
0x00007fffe0f30000 - 0x00007fffe10c4000 	C:\WINDOWS\System32\gdi32full.dll
0x00007fffe0e60000 - 0x00007fffe0efe000 	C:\WINDOWS\System32\msvcp_win.dll
0x00007fffe0460000 - 0x00007fffe055a000 	C:\WINDOWS\System32\ucrtbase.dll
0x00007fffdf480000 - 0x00007fffdf705000 	C:\WINDOWS\WinSxS\amd64_microsoft.windows.common-controls_6595b64144ccf1df_6.0.18362.295_none_e6c3acbd13101292\COMCTL32.dll
0x00007fffe2b90000 - 0x00007fffe2c2e000 	C:\WINDOWS\System32\msvcrt.dll
0x00007fffe2260000 - 0x00007fffe2596000 	C:\WINDOWS\System32\combase.dll
0x00007fffe2f70000 - 0x00007fffe3090000 	C:\WINDOWS\System32\RPCRT4.dll
0x00007fffe0d10000 - 0x00007fffe0d90000 	C:\WINDOWS\System32\bcryptPrimitives.dll
0x00007fffe28a0000 - 0x00007fffe28ce000 	C:\WINDOWS\System32\IMM32.DLL
0x00007fffdb010000 - 0x00007fffdb027000 	C:\Users\My\AppData\Local\JetBrains\Toolbox\apps\PhpStorm\ch-0\192.6262.66\jbr\bin\vcruntime140.dll
0x00007fffd49c0000 - 0x00007fffd4a5d000 	C:\Users\My\AppData\Local\JetBrains\Toolbox\apps\PhpStorm\ch-0\192.6262.66\jbr\bin\msvcp140.dll
0x00007fff6c700000 - 0x00007fff6d1b7000 	C:\Users\My\AppData\Local\JetBrains\Toolbox\apps\PhpStorm\ch-0\192.6262.66\jbr\bin\server\jvm.dll
0x00007fffe2c30000 - 0x00007fffe2cd3000 	C:\WINDOWS\System32\ADVAPI32.dll
0x00007fffe25d0000 - 0x00007fffe2667000 	C:\WINDOWS\System32\sechost.dll
0x00007fffe2ce0000 - 0x00007fffe2ce8000 	C:\WINDOWS\System32\PSAPI.DLL
0x00007fffc63f0000 - 0x00007fffc63f9000 	C:\WINDOWS\SYSTEM32\WSOCK32.dll
0x00007fffdd1f0000 - 0x00007fffdd214000 	C:\WINDOWS\SYSTEM32\WINMM.dll
0x00007fffdd660000 - 0x00007fffdd66a000 	C:\WINDOWS\SYSTEM32\VERSION.dll
0x00007fffe28d0000 - 0x00007fffe293f000 	C:\WINDOWS\System32\WS2_32.dll
0x00007fffdd080000 - 0x00007fffdd0ad000 	C:\WINDOWS\SYSTEM32\WINMMBASE.dll
0x00007fffe0e10000 - 0x00007fffe0e5a000 	C:\WINDOWS\System32\cfgmgr32.dll
0x00007fffdfff0000 - 0x00007fffe0001000 	C:\WINDOWS\System32\kernel.appcore.dll
0x00007fffb4310000 - 0x00007fffb4321000 	C:\Users\My\AppData\Local\JetBrains\Toolbox\apps\PhpStorm\ch-0\192.6262.66\jbr\bin\verify.dll
0x00007fffdfac0000 - 0x00007fffdfcb4000 	C:\WINDOWS\SYSTEM32\DBGHELP.DLL
0x00007fffdf830000 - 0x00007fffdf85a000 	C:\WINDOWS\SYSTEM32\dbgcore.DLL
0x00007fffb1650000 - 0x00007fffb1679000 	C:\Users\My\AppData\Local\JetBrains\Toolbox\apps\PhpStorm\ch-0\192.6262.66\jbr\bin\java.dll
0x00007fffafe30000 - 0x00007fffafe47000 	C:\Users\My\AppData\Local\JetBrains\Toolbox\apps\PhpStorm\ch-0\192.6262.66\jbr\bin\zip.dll
0x00007fffc8d30000 - 0x00007fffc8d3b000 	C:\Users\My\AppData\Local\JetBrains\Toolbox\apps\PhpStorm\ch-0\192.6262.66\jbr\bin\jimage.dll

dbghelp: loaded successfully - version: 4.0.5 - missing functions: none
symbol engine: initialized successfully - sym options: 0x614 - pdb path: .;C:\Users\My\AppData\Local\JetBrains\Toolbox\apps\PhpStorm\ch-0\192.6262.66\jbr\bin;C:\WINDOWS\SYSTEM32;C:\WINDOWS\WinSxS\amd64_microsoft.windows.common-controls_6595b64144ccf1df_6.0.18362.295_none_e6c3acbd13101292;C:\Users\My\AppData\Local\JetBrains\Toolbox\apps\PhpStorm\ch-0\192.6262.66\jbr\bin\server

VM Arguments:
java_command: org.jetbrains.git4idea.http.GitAskPassApp Username for 'https://github.com': 
java_class_path (initial): C:/Users/My/AppData/Local/JetBrains/Toolbox/apps/PhpStorm/ch-0/192.6262.66/plugins/git4idea/lib/git4idea-rt.jar;C:/Users/My/AppData/Local/JetBrains/Toolbox/apps/PhpStorm/ch-0/192.6262.66/lib/xmlrpc-2.0.1.jar;C:/Users/My/AppData/Local/JetBrains/Toolbox/apps/PhpStorm/ch-0/192.6262.66/lib/commons-codec-1.13.jar;C:/Users/My/AppData/Local/JetBrains/Toolbox/apps/PhpStorm/ch-0/192.6262.66/lib/util.jar
Launcher Type: SUN_STANDARD

[Global flags]
     intx CICompilerCount                          = 4                                         {product} {ergonomic}
     uint ConcGCThreads                            = 2                                         {product} {ergonomic}
     uint G1ConcRefinementThreads                  = 8                                         {product} {ergonomic}
   size_t G1HeapRegionSize                         = 2097152                                   {product} {ergonomic}
    uintx GCDrainStackTargetSize                   = 64                                        {product} {ergonomic}
   size_t InitialHeapSize                          = 536870912                                 {product} {ergonomic}
   size_t MarkStackSize                            = 4194304                                   {product} {ergonomic}
   size_t MaxHeapSize                              = 8568963072                                {product} {ergonomic}
   size_t MinHeapDeltaBytes                        = 2097152                                   {product} {ergonomic}
    uintx NonNMethodCodeHeapSize                   = 5835340                                {pd product} {ergonomic}
    uintx NonProfiledCodeHeapSize                  = 122911450                              {pd product} {ergonomic}
    uintx ProfiledCodeHeapSize                     = 122911450                              {pd product} {ergonomic}
    uintx ReservedCodeCacheSize                    = 251658240                              {pd product} {ergonomic}
     bool SegmentedCodeCache                       = true                                      {product} {ergonomic}
     bool UseCompressedClassPointers               = true                                 {lp64_product} {ergonomic}
     bool UseCompressedOops                        = true                                 {lp64_product} {ergonomic}
     bool UseG1GC                                  = true                                      {product} {ergonomic}
     bool UseLargePagesIndividualAllocation        = false                                  {pd product} {ergonomic}

Logging:
Log output configuration:
 #0: stdout all=warning uptime,level,tags
 #1: stderr all=off uptime,level,tags

Environment Variables:
JAVA_HOME=C:\Program Files\Java\jdk-11.0.4
PATH=C:\Program Files\Git\mingw64\libexec\git-core;C:\Program Files\Git\mingw64\libexec\git-core;C:\Program Files\Git\mingw64\bin;C:\Program Files\Git\usr\bin;C:\Users\My\bin;C:\Program Files (x86)\Intel\Intel(R) Management Engine Components\iCLS;C:\Program Files\Intel\Intel(R) Management Engine Components\iCLS;C:\Windows\system32;C:\Windows;C:\Windows\System32\Wbem;C:\Windows\System32\WindowsPowerShell\v1.0;C:\Windows\System32\OpenSSH;C:\Program Files (x86)\NVIDIA Corporation\PhysX\Common;C:\Program Files\NVIDIA Corporation\NVIDIA NvDLISR;C:\Program Files\NVIDIA Corporation\NVIDIA NGX;C:\Program Files\Git\cmd;C:\Program Files\Git\mingw64\bin;C:\Program Files\Git\usr\bin;C:\Program Files (x86)\Intel\Intel(R) Management Engine Components\DAL;C:\Program Files\Intel\Intel(R) Management Engine Components\DAL;C:\Program Files\dotnet;C:\WINDOWS\system32;C:\WINDOWS;C:\WINDOWS\System32\Wbem;C:\WINDOWS\System32\WindowsPowerShell\v1.0;C:\WINDOWS\System32\OpenSSH;C:\ProgramData\chocolatey\bin;C:\xampp\php;C:\ProgramData\ComposerSetup\bin;C:\Users\My\AppData\Local\Programs\AdoptOpenJDK\bin;C:\Users\My\AppData\Local\Programs\Python\Python36\Scripts;C:\Users\My\AppData\Local\Programs\Python\Python36;C:\Users\My\AppData\Local\Programs\Python\Python37\Scripts;C:\Users\My\AppData\Local\Programs\Python\Python37;C:\Users\My\AppData\Local\Microsoft\WindowsApps;C:\Program Files\heroku\bin;C:\Program Files\JetBrains\IntelliJ IDEA Community Edition 2019.1.3\bin;C:\Users\My\AppData\Local\Programs\Microsoft VS Code\bin;C:\Program Files\JetBrains\PyCharm Community Edition 2019.2\bin;C:\xampp\mysql\bin;C:\Users\My\Documents\Android\platform-tools;C:\Program Files\JetBrains\IntelliJ IDEA Community Edition 2019.1.3\plugins\maven\lib\maven3\bin;C:\Users\My\Documents\WorkSpace\lib_java\bin;C:\Users\My\AppData\Roaming\Composer\vendor\bin;C:\xampp\php;C:\xampp\mysql\bin
USERNAME=My
DISPLAY=:0.0
OS=Windows_NT
PROCESSOR_IDENTIFIER=Intel64 Family 6 Model 158 Stepping 12, GenuineIntel



---------------  S Y S T E M  ---------------

OS: Windows 10 , 64 bit Build 18362 (10.0.18362.86)

CPU:total 8 (initial active 8) (8 cores per cpu, 1 threads per core) family 6 model 158 stepping 12, cmov, cx8, fxsr, mmx, sse, sse2, sse3, ssse3, sse4.1, sse4.2, popcnt, avx, avx2, aes, clmul, erms, rtm, 3dnowpref, lzcnt, tsc, tscinvbit, bmi1, bmi2, adx, fma

Memory: 4k page, system-wide physical 32686M (7960M free)
TotalPageFile size 36782M (AvailPageFile size 455M)
current process WorkingSet (physical memory assigned to process): 10M, peak: 10M
current process commit charge ("private bytes"): 60M, peak: 572M

vm_info: OpenJDK 64-Bit Server VM (11.0.3+12-b304.39) for windows-amd64 JRE (11.0.3+12-b304.39), built on Aug 14 2019 11:03:43 by "" with MS VC++ 14.0 (VS2015)

END.
