#
# There is insufficient memory for the Java Runtime Environment to continue.
# Native memory allocation (mmap) failed to map 536870912 bytes for Failed to commit area from 0x0000000601400000 to 0x0000000621400000 of length 536870912.
# Possible reasons:
#   The system is out of physical RAM or swap space
#   The process is running with CompressedOops enabled, and the Java Heap may be blocking the growth of the native heap
# Possible solutions:
#   Reduce memory load on the system
#   Increase physical memory or swap space
#   Check if swap backing store is full
#   Decrease Java heap size (-Xmx/-Xms)
#   Decrease number of Java threads
#   Decrease Java thread stack sizes (-Xss)
#   Set larger code cache with -XX:ReservedCodeCacheSize=
# This output file may be truncated or incomplete.
#
#  Out of Memory Error (c:/BuildAgent/work/5ff2f6c26000d570/src/hotspot/os/windows/os_windows.cpp:3272), pid=21956, tid=19712
#
# JRE version:  (11.0.3+12) (build )
# Java VM: OpenJDK 64-Bit Server VM (11.0.3+12-b304.39, mixed mode, aot, sharing, tiered, compressed oops, g1 gc, windows-amd64)
# No core dump will be written. Minidumps are not enabled by default on client versions of Windows
#

---------------  S U M M A R Y ------------

Command Line: org.jetbrains.git4idea.http.GitAskPassApp Username for 'https://github.com': 

Host: Intel(R) Core(TM) i7-9700K CPU @ 3.60GHz, 8 cores, 31G,  Windows 10 , 64 bit Build 18362 (10.0.18362.86)
Time: Fri Sep  6 21:53:00 2019 ???? (?W?€??) elapsed time: 0 seconds (0d 0h 0m 0s)

---------------  T H R E A D  ---------------

Current thread (0x0000028f19aba000):  JavaThread "Unknown thread" [_thread_in_vm, id=19712, stack(0x000000fa4d800000,0x000000fa4d900000)]

Stack: [0x000000fa4d800000,0x000000fa4d900000]
Native frames: (J=compiled Java code, j=interpreted, Vv=VM code, C=native code)
V  [jvm.dll+0x5da77a]
V  [jvm.dll+0x70b9c9]
V  [jvm.dll+0x70cee8]
V  [jvm.dll+0x70d5b3]
V  [jvm.dll+0x23ddc8]
V  [jvm.dll+0x5d7ef4]
V  [jvm.dll+0x5ccfc5]
V  [jvm.dll+0x2fa44b]
V  [jvm.dll+0x2fa3ba]
V  [jvm.dll+0x2fa292]
V  [jvm.dll+0x2ff156]
V  [jvm.dll+0x3474c3]
V  [jvm.dll+0x347bc6]
V  [jvm.dll+0x3475c3]
V  [jvm.dll+0x2d4f68]
V  [jvm.dll+0x2d6107]
V  [jvm.dll+0x6eabf7]
V  [jvm.dll+0x6ec38c]
V  [jvm.dll+0x354c29]
V  [jvm.dll+0x6d28ae]
V  [jvm.dll+0x3bd363]
V  [jvm.dll+0x3bf7a1]
C  [java.exe+0x3763]
C  [java.exe+0x17a0c]
C  [KERNEL32.DLL+0x17bd4]
C  [ntdll.dll+0x6ce71]


---------------  P R O C E S S  ---------------

Threads class SMR info:
_java_thread_list=0x0000028f181497c0, length=0, elements={
}

Java Threads: ( => current thread )

Other Threads:
  0x0000028f19acf000 GCTaskThread "GC Thread#0" [stack: 0x000000fa4d900000,0x000000fa4da00000] [id=21948]
  0x0000028f19b4e800 ConcurrentGCThread "G1 Main Marker" [stack: 0x000000fa4da00000,0x000000fa4db00000] [id=23276]
  0x0000028f19b51000 ConcurrentGCThread "G1 Conc#0" [stack: 0x000000fa4db00000,0x000000fa4dc00000] [id=23228]

[error occurred during error reporting (printing all threads), id 0xc0000005, EXCEPTION_ACCESS_VIOLATION (0xc0000005) at pc=0x00007ffbbc635507]

VM state:not at safepoint (not fully initialized)

VM Mutex/Monitor currently owned by a thread:  ([mutex/lock_event])
[0x0000028f19ab7a00] Heap_lock - owner thread: 0x0000028f19aba000

Heap address: 0x0000000601400000, size: 8172 MB, Compressed Oops mode: Non-zero based: 0x0000000601400000
Narrow klass base: 0x0000000000000000, Narrow klass shift: 0

GC Heap History (0 events):
No events

Deoptimization events (0 events):
No events

Classes redefined (0 events):
No events

Internal exceptions (0 events):
No events

Events (0 events):
No events


Dynamic libraries:
0x00007ff7900a0000 - 0x00007ff7900e7000 	C:\Users\My\AppData\Local\JetBrains\Toolbox\apps\PhpStorm\ch-0\192.6262.66\jbr\bin\java.exe
0x00007ffc212c0000 - 0x00007ffc214b0000 	C:\WINDOWS\SYSTEM32\ntdll.dll
0x00007ffc1f340000 - 0x00007ffc1f3f2000 	C:\WINDOWS\System32\KERNEL32.DLL
0x00007ffc1e4b0000 - 0x00007ffc1e753000 	C:\WINDOWS\System32\KERNELBASE.dll
0x00007ffc1fce0000 - 0x00007ffc1fe73000 	C:\WINDOWS\System32\USER32.dll
0x00007ffc1ea60000 - 0x00007ffc1ea81000 	C:\WINDOWS\System32\win32u.dll
0x00007ffc1fe80000 - 0x00007ffc1fea6000 	C:\WINDOWS\System32\GDI32.dll
0x00007ffc1e220000 - 0x00007ffc1e3b4000 	C:\WINDOWS\System32\gdi32full.dll
0x00007ffc1e410000 - 0x00007ffc1e4ae000 	C:\WINDOWS\System32\msvcp_win.dll
0x00007ffc1f240000 - 0x00007ffc1f33a000 	C:\WINDOWS\System32\ucrtbase.dll
0x00007ffc12640000 - 0x00007ffc128c5000 	C:\WINDOWS\WinSxS\amd64_microsoft.windows.common-controls_6595b64144ccf1df_6.0.18362.295_none_e6c3acbd13101292\COMCTL32.dll
0x00007ffc20fd0000 - 0x00007ffc2106e000 	C:\WINDOWS\System32\msvcrt.dll
0x00007ffc1ff60000 - 0x00007ffc20296000 	C:\WINDOWS\System32\combase.dll
0x00007ffc1fa80000 - 0x00007ffc1fba0000 	C:\WINDOWS\System32\RPCRT4.dll
0x00007ffc1e7e0000 - 0x00007ffc1e860000 	C:\WINDOWS\System32\bcryptPrimitives.dll
0x00007ffc21070000 - 0x00007ffc2109e000 	C:\WINDOWS\System32\IMM32.DLL
0x00007ffbf46e0000 - 0x00007ffbf46f7000 	C:\Users\My\AppData\Local\JetBrains\Toolbox\apps\PhpStorm\ch-0\192.6262.66\jbr\bin\vcruntime140.dll
0x00007ffbb62d0000 - 0x00007ffbb636d000 	C:\Users\My\AppData\Local\JetBrains\Toolbox\apps\PhpStorm\ch-0\192.6262.66\jbr\bin\msvcp140.dll
0x00007ffbbc350000 - 0x00007ffbbce07000 	C:\Users\My\AppData\Local\JetBrains\Toolbox\apps\PhpStorm\ch-0\192.6262.66\jbr\bin\server\jvm.dll
0x00007ffc1feb0000 - 0x00007ffc1ff53000 	C:\WINDOWS\System32\ADVAPI32.dll
0x00007ffc20a60000 - 0x00007ffc20af7000 	C:\WINDOWS\System32\sechost.dll
0x00007ffc20b60000 - 0x00007ffc20b68000 	C:\WINDOWS\System32\PSAPI.DLL
0x00007ffc065c0000 - 0x00007ffc065c9000 	C:\WINDOWS\SYSTEM32\WSOCK32.dll
0x00007ffc18db0000 - 0x00007ffc18dba000 	C:\WINDOWS\SYSTEM32\VERSION.dll
0x00007ffc1c0d0000 - 0x00007ffc1c0f4000 	C:\WINDOWS\SYSTEM32\WINMM.dll
0x00007ffc20bd0000 - 0x00007ffc20c3f000 	C:\WINDOWS\System32\WS2_32.dll
0x00007ffc1c0a0000 - 0x00007ffc1c0cd000 	C:\WINDOWS\SYSTEM32\winmmbase.dll
0x00007ffc1e3c0000 - 0x00007ffc1e40a000 	C:\WINDOWS\System32\cfgmgr32.dll
0x00007ffc1e200000 - 0x00007ffc1e211000 	C:\WINDOWS\System32\kernel.appcore.dll
0x00007ffc18e90000 - 0x00007ffc18ea1000 	C:\Users\My\AppData\Local\JetBrains\Toolbox\apps\PhpStorm\ch-0\192.6262.66\jbr\bin\verify.dll
0x00007ffc080c0000 - 0x00007ffc082b4000 	C:\WINDOWS\SYSTEM32\DBGHELP.DLL
0x00007ffc07c90000 - 0x00007ffc07cba000 	C:\WINDOWS\SYSTEM32\dbgcore.DLL
0x00007ffc021c0000 - 0x00007ffc021e9000 	C:\Users\My\AppData\Local\JetBrains\Toolbox\apps\PhpStorm\ch-0\192.6262.66\jbr\bin\java.dll
0x00007ffc18dc0000 - 0x00007ffc18dd7000 	C:\Users\My\AppData\Local\JetBrains\Toolbox\apps\PhpStorm\ch-0\192.6262.66\jbr\bin\zip.dll
0x00007ffc198d0000 - 0x00007ffc198db000 	C:\Users\My\AppData\Local\JetBrains\Toolbox\apps\PhpStorm\ch-0\192.6262.66\jbr\bin\jimage.dll

dbghelp: loaded successfully - version: 4.0.5 - missing functions: none
symbol engine: initialized successfully - sym options: 0x614 - pdb path: .;C:\Users\My\AppData\Local\JetBrains\Toolbox\apps\PhpStorm\ch-0\192.6262.66\jbr\bin;C:\WINDOWS\SYSTEM32;C:\WINDOWS\WinSxS\amd64_microsoft.windows.common-controls_6595b64144ccf1df_6.0.18362.295_none_e6c3acbd13101292;C:\Users\My\AppData\Local\JetBrains\Toolbox\apps\PhpStorm\ch-0\192.6262.66\jbr\bin\server

VM Arguments:
java_command: org.jetbrains.git4idea.http.GitAskPassApp Username for 'https://github.com': 
java_class_path (initial): C:/Users/My/AppData/Local/JetBrains/Toolbox/apps/PhpStorm/ch-0/192.6262.66/plugins/git4idea/lib/git4idea-rt.jar;C:/Users/My/AppData/Local/JetBrains/Toolbox/apps/PhpStorm/ch-0/192.6262.66/lib/xmlrpc-2.0.1.jar;C:/Users/My/AppData/Local/JetBrains/Toolbox/apps/PhpStorm/ch-0/192.6262.66/lib/commons-codec-1.13.jar;C:/Users/My/AppData/Local/JetBrains/Toolbox/apps/PhpStorm/ch-0/192.6262.66/lib/util.jar
Launcher Type: SUN_STANDARD

[Global flags]
     intx CICompilerCount                          = 4                                         {product} {ergonomic}
     uint ConcGCThreads                            = 2                                         {product} {ergonomic}
     uint G1ConcRefinementThreads                  = 8                                         {product} {ergonomic}
   size_t G1HeapRegionSize                         = 2097152                                   {product} {ergonomic}
    uintx GCDrainStackTargetSize                   = 64                                        {product} {ergonomic}
   size_t InitialHeapSize                          = 536870912                                 {product} {ergonomic}
   size_t MarkStackSize                            = 4194304                                   {product} {ergonomic}
   size_t MaxHeapSize                              = 8568963072                                {product} {ergonomic}
   size_t MinHeapDeltaBytes                        = 2097152                                   {product} {ergonomic}
    uintx NonNMethodCodeHeapSize                   = 5835340                                {pd product} {ergonomic}
    uintx NonProfiledCodeHeapSize                  = 122911450                              {pd product} {ergonomic}
    uintx ProfiledCodeHeapSize                     = 122911450                              {pd product} {ergonomic}
    uintx ReservedCodeCacheSize                    = 251658240                              {pd product} {ergonomic}
     bool SegmentedCodeCache                       = true                                      {product} {ergonomic}
     bool UseCompressedClassPointers               = true                                 {lp64_product} {ergonomic}
     bool UseCompressedOops                        = true                                 {lp64_product} {ergonomic}
     bool UseG1GC                                  = true                                      {product} {ergonomic}
     bool UseLargePagesIndividualAllocation        = false                                  {pd product} {ergonomic}

Logging:
Log output configuration:
 #0: stdout all=warning uptime,level,tags
 #1: stderr all=off uptime,level,tags

Environment Variables:
JAVA_HOME=C:\Program Files\Java\jdk-11.0.4
PATH=C:\Program Files\Git\mingw64\libexec\git-core;C:\Program Files\Git\mingw64\libexec\git-core;C:\Program Files\Git\mingw64\bin;C:\Program Files\Git\usr\bin;C:\Users\My\bin;C:\Program Files (x86)\Intel\Intel(R) Management Engine Components\iCLS;C:\Program Files\Intel\Intel(R) Management Engine Components\iCLS;C:\Windows\system32;C:\Windows;C:\Windows\System32\Wbem;C:\Windows\System32\WindowsPowerShell\v1.0;C:\Windows\System32\OpenSSH;C:\Program Files (x86)\NVIDIA Corporation\PhysX\Common;C:\Program Files\NVIDIA Corporation\NVIDIA NvDLISR;C:\Program Files\NVIDIA Corporation\NVIDIA NGX;C:\Program Files\Git\cmd;C:\Program Files\Git\mingw64\bin;C:\Program Files\Git\usr\bin;C:\Program Files (x86)\Intel\Intel(R) Management Engine Components\DAL;C:\Program Files\Intel\Intel(R) Management Engine Components\DAL;C:\Program Files\dotnet;C:\WINDOWS\system32;C:\WINDOWS;C:\WINDOWS\System32\Wbem;C:\WINDOWS\System32\WindowsPowerShell\v1.0;C:\WINDOWS\System32\OpenSSH;C:\ProgramData\chocolatey\bin;C:\xampp\php;C:\ProgramData\ComposerSetup\bin;C:\Users\My\AppData\Local\Programs\AdoptOpenJDK\bin;C:\Users\My\AppData\Local\Programs\Python\Python36\Scripts;C:\Users\My\AppData\Local\Programs\Python\Python36;C:\Users\My\AppData\Local\Programs\Python\Python37\Scripts;C:\Users\My\AppData\Local\Programs\Python\Python37;C:\Users\My\AppData\Local\Microsoft\WindowsApps;C:\Program Files\heroku\bin;C:\Program Files\JetBrains\IntelliJ IDEA Community Edition 2019.1.3\bin;C:\Users\My\AppData\Local\Programs\Microsoft VS Code\bin;C:\Program Files\JetBrains\PyCharm Community Edition 2019.2\bin;C:\xampp\mysql\bin;C:\Users\My\Documents\Android\platform-tools;C:\Program Files\JetBrains\IntelliJ IDEA Community Edition 2019.1.3\plugins\maven\lib\maven3\bin;C:\Users\My\Documents\WorkSpace\lib_java\bin;C:\Users\My\AppData\Roaming\Composer\vendor\bin;C:\xampp\php;C:\xampp\mysql\bin
USERNAME=My
DISPLAY=:0.0
OS=Windows_NT
PROCESSOR_IDENTIFIER=Intel64 Family 6 Model 158 Stepping 12, GenuineIntel



---------------  S Y S T E M  ---------------

OS: Windows 10 , 64 bit Build 18362 (10.0.18362.86)

CPU:total 8 (initial active 8) (8 cores per cpu, 1 threads per core) family 6 model 158 stepping 12, cmov, cx8, fxsr, mmx, sse, sse2, sse3, ssse3, sse4.1, sse4.2, popcnt, avx, avx2, aes, clmul, erms, rtm, 3dnowpref, lzcnt, tsc, tscinvbit, bmi1, bmi2, adx, fma

Memory: 4k page, system-wide physical 32686M (11638M free)
TotalPageFile size 36782M (AvailPageFile size 505M)
current process WorkingSet (physical memory assigned to process): 10M, peak: 10M
current process commit charge ("private bytes"): 60M, peak: 572M

vm_info: OpenJDK 64-Bit Server VM (11.0.3+12-b304.39) for windows-amd64 JRE (11.0.3+12-b304.39), built on Aug 14 2019 11:03:43 by "" with MS VC++ 14.0 (VS2015)

END.
